e:\2nd semester\icp\hotel booking 3.0\hotel booking 3.0\debug\vc142.pdb
e:\2nd semester\icp\hotel booking 3.0\hotel booking 3.0\debug\vc142.idb
e:\2nd semester\icp\hotel booking 3.0\hotel booking 3.0\debug\20. s_cancel.obj
e:\2nd semester\icp\hotel booking 3.0\hotel booking 3.0\debug\19. cancel_menu_switch.obj
e:\2nd semester\icp\hotel booking 3.0\hotel booking 3.0\debug\18. cancel_menu_display.obj
e:\2nd semester\icp\hotel booking 3.0\hotel booking 3.0\debug\17. suites.obj
e:\2nd semester\icp\hotel booking 3.0\hotel booking 3.0\debug\16. deluxe.obj
e:\2nd semester\icp\hotel booking 3.0\hotel booking 3.0\debug\15. standard.obj
e:\2nd semester\icp\hotel booking 3.0\hotel booking 3.0\debug\14. room_type_menu.obj
e:\2nd semester\icp\hotel booking 3.0\hotel booking 3.0\debug\13. room_type.obj
e:\2nd semester\icp\hotel booking 3.0\hotel booking 3.0\debug\12. modify.obj
e:\2nd semester\icp\hotel booking 3.0\hotel booking 3.0\debug\11. cancel.obj
e:\2nd semester\icp\hotel booking 3.0\hotel booking 3.0\debug\10. booking.obj
e:\2nd semester\icp\hotel booking 3.0\hotel booking 3.0\debug\09. user_menu_display.obj
e:\2nd semester\icp\hotel booking 3.0\hotel booking 3.0\debug\08. user_menu_switch.obj
e:\2nd semester\icp\hotel booking 3.0\hotel booking 3.0\debug\07. user_register.obj
e:\2nd semester\icp\hotel booking 3.0\hotel booking 3.0\debug\06. user_login.obj
e:\2nd semester\icp\hotel booking 3.0\hotel booking 3.0\debug\05. admin_login.obj
e:\2nd semester\icp\hotel booking 3.0\hotel booking 3.0\debug\04. login_regis_menu_display.obj
e:\2nd semester\icp\hotel booking 3.0\hotel booking 3.0\debug\03. login_regis_switch.obj
e:\2nd semester\icp\hotel booking 3.0\hotel booking 3.0\debug\02. start.obj
e:\2nd semester\icp\hotel booking 3.0\hotel booking 3.0\debug\01. main.obj
e:\2nd semester\icp\hotel booking 3.0\hotel booking 3.0\debug\40. de_s_records.obj
e:\2nd semester\icp\hotel booking 3.0\hotel booking 3.0\debug\39. sd_s_records.obj
e:\2nd semester\icp\hotel booking 3.0\hotel booking 3.0\debug\38. s_records_menu_switch.obj
e:\2nd semester\icp\hotel booking 3.0\hotel booking 3.0\debug\37. s_records_menu_display.obj
e:\2nd semester\icp\hotel booking 3.0\hotel booking 3.0\debug\36. su_records.obj
e:\2nd semester\icp\hotel booking 3.0\hotel booking 3.0\debug\35. de_records.obj
e:\2nd semester\icp\hotel booking 3.0\hotel booking 3.0\debug\34. sd_records.obj
e:\2nd semester\icp\hotel booking 3.0\hotel booking 3.0\debug\33. records_menu_switch.obj
e:\2nd semester\icp\hotel booking 3.0\hotel booking 3.0\debug\32. records_menu_display.obj
e:\2nd semester\icp\hotel booking 3.0\hotel booking 3.0\debug\31. s_records.obj
e:\2nd semester\icp\hotel booking 3.0\hotel booking 3.0\debug\30. records.obj
e:\2nd semester\icp\hotel booking 3.0\hotel booking 3.0\debug\29. admin_menu_switch.obj
e:\2nd semester\icp\hotel booking 3.0\hotel booking 3.0\debug\28. admin_menu_display.obj
e:\2nd semester\icp\hotel booking 3.0\hotel booking 3.0\debug\27. su_modify.obj
e:\2nd semester\icp\hotel booking 3.0\hotel booking 3.0\debug\26. d_modify.obj
e:\2nd semester\icp\hotel booking 3.0\hotel booking 3.0\debug\25. s_modify.obj
e:\2nd semester\icp\hotel booking 3.0\hotel booking 3.0\debug\24. modify_menu_switch.obj
e:\2nd semester\icp\hotel booking 3.0\hotel booking 3.0\debug\23. modify_menu_display.obj
e:\2nd semester\icp\hotel booking 3.0\hotel booking 3.0\debug\22. su_cancel.obj
e:\2nd semester\icp\hotel booking 3.0\hotel booking 3.0\debug\21. d_cancel.obj
e:\2nd semester\icp\hotel booking 3.0\hotel booking 3.0\debug\99. stop.obj
e:\2nd semester\icp\hotel booking 3.0\hotel booking 3.0\debug\48. cancel_view_switch.obj
e:\2nd semester\icp\hotel booking 3.0\hotel booking 3.0\debug\47. cancel_view.obj
e:\2nd semester\icp\hotel booking 3.0\hotel booking 3.0\debug\46. su_cancel_view.obj
e:\2nd semester\icp\hotel booking 3.0\hotel booking 3.0\debug\45. d_cancel_view.obj
e:\2nd semester\icp\hotel booking 3.0\hotel booking 3.0\debug\44. s_cancel_view.obj
e:\2nd semester\icp\hotel booking 3.0\hotel booking 3.0\debug\43. s_p_room_details.obj
e:\2nd semester\icp\hotel booking 3.0\hotel booking 3.0\debug\42. welcome.obj
e:\2nd semester\icp\hotel booking 3.0\hotel booking 3.0\debug\41. su_s_records.obj
e:\2nd semester\icp\final assignment\hotel booking 3.0\hotel booking 3.0\debug\vc142.pdb
e:\2nd semester\icp\final assignment\hotel booking 3.0\hotel booking 3.0\debug\vc142.idb
e:\2nd semester\icp\final assignment\hotel booking 3.0\hotel booking 3.0\debug\20. s_cancel.obj
e:\2nd semester\icp\final assignment\hotel booking 3.0\hotel booking 3.0\debug\19. cancel_menu_switch.obj
e:\2nd semester\icp\final assignment\hotel booking 3.0\hotel booking 3.0\debug\18. cancel_menu_display.obj
e:\2nd semester\icp\final assignment\hotel booking 3.0\hotel booking 3.0\debug\17. suites.obj
e:\2nd semester\icp\final assignment\hotel booking 3.0\hotel booking 3.0\debug\16. deluxe.obj
e:\2nd semester\icp\final assignment\hotel booking 3.0\hotel booking 3.0\debug\15. standard.obj
e:\2nd semester\icp\final assignment\hotel booking 3.0\hotel booking 3.0\debug\14. room_type_menu.obj
e:\2nd semester\icp\final assignment\hotel booking 3.0\hotel booking 3.0\debug\13. room_type.obj
e:\2nd semester\icp\final assignment\hotel booking 3.0\hotel booking 3.0\debug\12. modify.obj
e:\2nd semester\icp\final assignment\hotel booking 3.0\hotel booking 3.0\debug\11. cancel.obj
e:\2nd semester\icp\final assignment\hotel booking 3.0\hotel booking 3.0\debug\10. booking.obj
e:\2nd semester\icp\final assignment\hotel booking 3.0\hotel booking 3.0\debug\09. user_menu_display.obj
e:\2nd semester\icp\final assignment\hotel booking 3.0\hotel booking 3.0\debug\08. user_menu_switch.obj
e:\2nd semester\icp\final assignment\hotel booking 3.0\hotel booking 3.0\debug\07. user_register.obj
e:\2nd semester\icp\final assignment\hotel booking 3.0\hotel booking 3.0\debug\06. user_login.obj
e:\2nd semester\icp\final assignment\hotel booking 3.0\hotel booking 3.0\debug\05. admin_login.obj
e:\2nd semester\icp\final assignment\hotel booking 3.0\hotel booking 3.0\debug\04. login_regis_menu_display.obj
e:\2nd semester\icp\final assignment\hotel booking 3.0\hotel booking 3.0\debug\03. login_regis_switch.obj
e:\2nd semester\icp\final assignment\hotel booking 3.0\hotel booking 3.0\debug\02. start.obj
e:\2nd semester\icp\final assignment\hotel booking 3.0\hotel booking 3.0\debug\01. main.obj
e:\2nd semester\icp\final assignment\hotel booking 3.0\hotel booking 3.0\debug\40. de_s_records.obj
e:\2nd semester\icp\final assignment\hotel booking 3.0\hotel booking 3.0\debug\39. sd_s_records.obj
e:\2nd semester\icp\final assignment\hotel booking 3.0\hotel booking 3.0\debug\38. s_records_menu_switch.obj
e:\2nd semester\icp\final assignment\hotel booking 3.0\hotel booking 3.0\debug\37. s_records_menu_display.obj
e:\2nd semester\icp\final assignment\hotel booking 3.0\hotel booking 3.0\debug\36. su_records.obj
e:\2nd semester\icp\final assignment\hotel booking 3.0\hotel booking 3.0\debug\35. de_records.obj
e:\2nd semester\icp\final assignment\hotel booking 3.0\hotel booking 3.0\debug\34. sd_records.obj
e:\2nd semester\icp\final assignment\hotel booking 3.0\hotel booking 3.0\debug\33. records_menu_switch.obj
e:\2nd semester\icp\final assignment\hotel booking 3.0\hotel booking 3.0\debug\32. records_menu_display.obj
e:\2nd semester\icp\final assignment\hotel booking 3.0\hotel booking 3.0\debug\31. s_records.obj
e:\2nd semester\icp\final assignment\hotel booking 3.0\hotel booking 3.0\debug\30. records.obj
e:\2nd semester\icp\final assignment\hotel booking 3.0\hotel booking 3.0\debug\29. admin_menu_switch.obj
e:\2nd semester\icp\final assignment\hotel booking 3.0\hotel booking 3.0\debug\28. admin_menu_display.obj
e:\2nd semester\icp\final assignment\hotel booking 3.0\hotel booking 3.0\debug\27. su_modify.obj
e:\2nd semester\icp\final assignment\hotel booking 3.0\hotel booking 3.0\debug\26. d_modify.obj
e:\2nd semester\icp\final assignment\hotel booking 3.0\hotel booking 3.0\debug\25. s_modify.obj
e:\2nd semester\icp\final assignment\hotel booking 3.0\hotel booking 3.0\debug\24. modify_menu_switch.obj
e:\2nd semester\icp\final assignment\hotel booking 3.0\hotel booking 3.0\debug\23. modify_menu_display.obj
e:\2nd semester\icp\final assignment\hotel booking 3.0\hotel booking 3.0\debug\22. su_cancel.obj
e:\2nd semester\icp\final assignment\hotel booking 3.0\hotel booking 3.0\debug\21. d_cancel.obj
e:\2nd semester\icp\final assignment\hotel booking 3.0\hotel booking 3.0\debug\99. stop.obj
e:\2nd semester\icp\final assignment\hotel booking 3.0\hotel booking 3.0\debug\48. cancel_view_switch.obj
e:\2nd semester\icp\final assignment\hotel booking 3.0\hotel booking 3.0\debug\47. cancel_view.obj
e:\2nd semester\icp\final assignment\hotel booking 3.0\hotel booking 3.0\debug\46. su_cancel_view.obj
e:\2nd semester\icp\final assignment\hotel booking 3.0\hotel booking 3.0\debug\45. d_cancel_view.obj
e:\2nd semester\icp\final assignment\hotel booking 3.0\hotel booking 3.0\debug\44. s_cancel_view.obj
e:\2nd semester\icp\final assignment\hotel booking 3.0\hotel booking 3.0\debug\43. s_p_room_details.obj
e:\2nd semester\icp\final assignment\hotel booking 3.0\hotel booking 3.0\debug\42. welcome.obj
e:\2nd semester\icp\final assignment\hotel booking 3.0\hotel booking 3.0\debug\41. su_s_records.obj
e:\2nd semester\icp\hotel booking 3.0\debug\hotel booking 3.0.ilk
e:\2nd semester\icp\hotel booking 3.0\debug\hotel booking 3.0.exe
e:\2nd semester\icp\hotel booking 3.0\debug\hotel booking 3.0.pdb
e:\2nd semester\icp\final assignment\hotel booking 3.0\debug\hotel booking 3.0.ilk
e:\2nd semester\icp\final assignment\hotel booking 3.0\debug\hotel booking 3.0.exe
e:\2nd semester\icp\final assignment\hotel booking 3.0\debug\hotel booking 3.0.pdb
e:\2nd semester\icp\final assignment\hotel booking 3.0\hotel booking 3.0\debug\hotel bo.3e526618.tlog\cl.command.1.tlog
e:\2nd semester\icp\final assignment\hotel booking 3.0\hotel booking 3.0\debug\hotel bo.3e526618.tlog\cl.read.1.tlog
e:\2nd semester\icp\final assignment\hotel booking 3.0\hotel booking 3.0\debug\hotel bo.3e526618.tlog\cl.write.1.tlog
e:\2nd semester\icp\final assignment\hotel booking 3.0\hotel booking 3.0\debug\hotel bo.3e526618.tlog\link.command.1.tlog
e:\2nd semester\icp\final assignment\hotel booking 3.0\hotel booking 3.0\debug\hotel bo.3e526618.tlog\link.read.1.tlog
e:\2nd semester\icp\final assignment\hotel booking 3.0\hotel booking 3.0\debug\hotel bo.3e526618.tlog\link.write.1.tlog
